<?xml version="1.0" encoding="UTF-8"?>
<!-- Generated by org.testng.reporters.JUnitXMLReporter -->
<testsuite hostname="ioguinote" name="unitTests" tests="2" failures="0" timestamp="12 Feb 2014 21:53:00 GMT" time="13.017" errors="0">
  <testcase name="generateFilmes" time="0.039" classname="br.com.ioguisoftware.vnf.model.service.impl.FilmeServiceImplTest"/>
  <testcase name="getRandomEnqueteFilmes" time="12.687" classname="br.com.ioguisoftware.vnf.model.service.impl.FilmeServiceImplTest"/>
</testsuite> <!-- unitTests -->
